<?xml version="1.0" encoding="UTF-8"?>
<!-- Generated by org.testng.reporters.JUnitXMLReporter -->
<testsuite ignored="0" hostname="DSR" failures="0" tests="12" name="Login Tests" time="254.927" errors="0" timestamp="2025-03-24T21:53:32 IST">
  <testcase classname="test.LoginTest" name="verifyLoginPageTitleAndUrl" time="0.124"/>
  <testcase classname="test.LoginTest" name="verifyFieldAndCheckboxLabels" time="0.412"/>
  <testcase classname="test.LoginTest" name="verifyLoginUsingValidCredentials" time="3.329"/>
  <testcase classname="test.LoginTest" name="verifyLoginUsingInvalidCredentials" time="1.484"/>
  <testcase classname="test.LoginTest" name="verifyLoginWithInvalidEmailAndValidPassword" time="11.972"/>
  <testcase classname="test.LoginTest" name="verifyLoginWithValidEmailAndInvalidPassword" time="12.576"/>
  <testcase classname="test.LoginTest" name="verifyLoginWithBlankCredentials" time="0.911"/>
  <testcase classname="test.LoginTest" name="verifyLoginWithEmailOnly" time="0.827"/>
  <testcase classname="test.LoginTest" name="verifyLoginWithPasswordOnly" time="1.307"/>
  <testcase classname="test.LoginTest" name="verifyLoginWithShortPassword" time="1.845"/>
  <testcase classname="test.LoginTest" name="verifyLoginWithUppercaseInsensitiveEmail" time="2.231"/>
  <testcase classname="test.LoginTest" name="verifyLoginWithLowercaseInsensitiveEmail" time="2.06"/>
</testsuite> <!-- Login Tests -->
