<?xml version="1.0" encoding="UTF-8"?>
<!-- Generated by org.testng.reporters.JUnitXMLReporter -->
<testsuite ignored="25" hostname="DSR" failures="0" tests="1" name="Default test" time="13.854" errors="0" timestamp="2025-03-26T22:35:01 IST">
  <testcase classname="test.UsersTest" name="verifyPaginationControlsPresence" time="0.389"/>
  <testcase classname="test.UsersTest" name="verifyAddUserWithValidData" time="0.0">
    <ignored/>
  </testcase> <!-- verifyAddUserWithValidData -->
  <testcase classname="test.UsersTest" name="verifyDeleteUser" time="0.0">
    <ignored/>
  </testcase> <!-- verifyDeleteUser -->
  <testcase classname="test.UsersTest" name="verifyAddUserWithExistingUserName" time="0.0">
    <ignored/>
  </testcase> <!-- verifyAddUserWithExistingUserName -->
  <testcase classname="test.UsersTest" name="verifyCloseAddUserWithoutEnteringDetailsUsingCloseIcon" time="0.0">
    <ignored/>
  </testcase> <!-- verifyCloseAddUserWithoutEnteringDetailsUsingCloseIcon -->
  <testcase classname="test.UsersTest" name="verifyUserInUsersModuleGridWithPagination" time="0.0">
    <ignored/>
  </testcase> <!-- verifyUserInUsersModuleGridWithPagination -->
  <testcase classname="test.UsersTest" name="verifyCloseAddUserWithoutEnteringDetailsUsingCloseButton" time="0.0">
    <ignored/>
  </testcase> <!-- verifyCloseAddUserWithoutEnteringDetailsUsingCloseButton -->
  <testcase classname="test.UsersTest" name="verifyUsersModuleDetails" time="0.0">
    <ignored/>
  </testcase> <!-- verifyUsersModuleDetails -->
  <testcase classname="test.UsersTest" name="verifyAddUserWithEmptySpacesInFields" time="0.0">
    <ignored/>
  </testcase> <!-- verifyAddUserWithEmptySpacesInFields -->
  <testcase classname="test.UsersTest" name="verifyAddUserWithLongUserName" time="0.0">
    <ignored/>
  </testcase> <!-- verifyAddUserWithLongUserName -->
  <testcase classname="test.UsersTest" name="verifyCloseAddUserUsingCloseIconWithEnterDeatils" time="0.0">
    <ignored/>
  </testcase> <!-- verifyCloseAddUserUsingCloseIconWithEnterDeatils -->
  <testcase classname="test.UsersTest" name="verifySearchUser" time="0.0">
    <ignored/>
  </testcase> <!-- verifySearchUser -->
  <testcase classname="test.UsersTest" name="verifyFieldLabelAndAsteriskSymbolForMandatoryFieldsInAddUserPage" time="0.0">
    <ignored/>
  </testcase> <!-- verifyFieldLabelAndAsteriskSymbolForMandatoryFieldsInAddUserPage -->
  <testcase classname="test.UsersTest" name="verifySavedUserDetailsInEditWindow" time="0.0">
    <ignored/>
  </testcase> <!-- verifySavedUserDetailsInEditWindow -->
  <testcase classname="test.UsersTest" name="verifyMandatoryFieldValidationForUpdatePassword" time="0.0">
    <ignored/>
  </testcase> <!-- verifyMandatoryFieldValidationForUpdatePassword -->
  <testcase classname="test.UsersTest" name="verifyAddUserWithInvalidEmailFormat" time="0.0">
    <ignored/>
  </testcase> <!-- verifyAddUserWithInvalidEmailFormat -->
  <testcase classname="test.UsersTest" name="verifyUsersModuleFooterSection" time="0.0">
    <ignored/>
  </testcase> <!-- verifyUsersModuleFooterSection -->
  <testcase classname="test.UsersTest" name="verifyAddUserWithMismatchedPassword" time="0.0">
    <ignored/>
  </testcase> <!-- verifyAddUserWithMismatchedPassword -->
  <testcase classname="test.UsersTest" name="verifyAddUserUsingLeadingAndTrailingSpaces" time="0.0">
    <ignored/>
  </testcase> <!-- verifyAddUserUsingLeadingAndTrailingSpaces -->
  <testcase classname="test.UsersTest" name="verifyAddUserWithInvalidPhoneNumber" time="0.0">
    <ignored/>
  </testcase> <!-- verifyAddUserWithInvalidPhoneNumber -->
  <testcase classname="test.UsersTest" name="verifyAddUserWithExistingEmail" time="0.0">
    <ignored/>
  </testcase> <!-- verifyAddUserWithExistingEmail -->
  <testcase classname="test.UsersTest" name="verifyNavigationToUsersModule" time="0.0">
    <ignored/>
  </testcase> <!-- verifyNavigationToUsersModule -->
  <testcase classname="test.UsersTest" name="verifyNavigationToAddUserPage" time="0.0">
    <ignored/>
  </testcase> <!-- verifyNavigationToAddUserPage -->
  <testcase classname="test.UsersTest" name="verifyMandatoryFieldAlertsInAddUser" time="0.0">
    <ignored/>
  </testcase> <!-- verifyMandatoryFieldAlertsInAddUser -->
  <testcase classname="test.UsersTest" name="verifyAddUserFormFieldPlaceholders" time="0.0">
    <ignored/>
  </testcase> <!-- verifyAddUserFormFieldPlaceholders -->
  <testcase classname="test.UsersTest" name="verifyCloseAddUserUsingCloseButtonWithEnterDeatils" time="0.0">
    <ignored/>
  </testcase> <!-- verifyCloseAddUserUsingCloseButtonWithEnterDeatils -->
</testsuite> <!-- Default test -->
