<?xml version="1.0" encoding="UTF-8"?>
<!-- Generated by org.testng.reporters.JUnitXMLReporter -->
<testsuite ignored="0" hostname="DSR" failures="0" tests="6" name="Test" time="245.684" errors="0" timestamp="2025-03-15T22:06:38 IST">
  <testcase classname="test.LoginTest" name="verifLoginUsingValidCredentials" time="1.053"/>
  <testcase classname="test.LoginTest" name="verifyLoginUsingInvalidCredentials" time="0.947"/>
  <testcase classname="test.LoginTest" name="verifyLoginUsingInvalidEmailAndValidPassword" time="11.064"/>
  <testcase classname="test.LogoutTest" name="verifyLogoutFromDropdownMenuLogoutOption" time="1.085"/>
  <testcase classname="test.LogoutTest" name="verifyLogoutAndBackNavigation" time="1.182"/>
  <testcase classname="test.LogoutTest" name="verifyReLoginImmediatelyAfterLogout" time="1.706"/>
</testsuite> <!-- Test -->
