<?xml version="1.0" encoding="UTF-8"?>
<testng-results ignored="0" total="12" passed="11" failed="1" skipped="0">
  <reporter-output>
  </reporter-output>
  <suite started-at="2025-03-19T00:25:12 IST" name="Smoke" finished-at="2025-03-19T00:26:44 IST" duration-ms="91889">
    <groups>
      <group name="Sanity">
        <method signature="LoginTest.verifyLoginWithBlankCredentials()[pri:7, instance:test.LoginTest@4afcd809]" name="verifyLoginWithBlankCredentials" class="test.LoginTest"/>
        <method signature="LoginTest.verifyLoginWithEmailOnly()[pri:8, instance:test.LoginTest@4afcd809]" name="verifyLoginWithEmailOnly" class="test.LoginTest"/>
        <method signature="LoginTest.verifyLoginWithPasswordOnly()[pri:9, instance:test.LoginTest@4afcd809]" name="verifyLoginWithPasswordOnly" class="test.LoginTest"/>
        <method signature="LoginTest.verifyLoginWithShortPassword()[pri:10, instance:test.LoginTest@4afcd809]" name="verifyLoginWithShortPassword" class="test.LoginTest"/>
      </group> <!-- Sanity -->
      <group name="Sanity1">
        <method signature="LoginTest.verifyLoginUsingInvalidCredentials()[pri:4, instance:test.LoginTest@4afcd809]" name="verifyLoginUsingInvalidCredentials" class="test.LoginTest"/>
        <method signature="LoginTest.verifyLoginWithInvalidEmailAndValidPassword()[pri:5, instance:test.LoginTest@4afcd809]" name="verifyLoginWithInvalidEmailAndValidPassword" class="test.LoginTest"/>
        <method signature="LoginTest.verifyLoginWithValidEmailAndInvalidPassword()[pri:6, instance:test.LoginTest@4afcd809]" name="verifyLoginWithValidEmailAndInvalidPassword" class="test.LoginTest"/>
      </group> <!-- Sanity1 -->
      <group name="Smoke">
        <method signature="LoginTest.verifyLoginPageTitleAndUrl()[pri:1, instance:test.LoginTest@4afcd809]" name="verifyLoginPageTitleAndUrl" class="test.LoginTest"/>
        <method signature="LoginTest.verifyFieldAndCheckboxLabels()[pri:2, instance:test.LoginTest@4afcd809]" name="verifyFieldAndCheckboxLabels" class="test.LoginTest"/>
        <method signature="LoginTest.verifyLoginUsingValidCredentials()[pri:3, instance:test.LoginTest@4afcd809]" name="verifyLoginUsingValidCredentials" class="test.LoginTest"/>
        <method signature="LoginTest.verifyLoginWithUppercaseInsensitiveEmail()[pri:11, instance:test.LoginTest@4afcd809]" name="verifyLoginWithUppercaseInsensitiveEmail" class="test.LoginTest"/>
        <method signature="LoginTest.verifyLoginWithLowercaseInsensitiveEmail()[pri:12, instance:test.LoginTest@4afcd809]" name="verifyLoginWithLowercaseInsensitiveEmail" class="test.LoginTest"/>
      </group> <!-- Smoke -->
    </groups>
    <test started-at="2025-03-19T00:25:12 IST" name="Test" finished-at="2025-03-19T00:26:44 IST" duration-ms="91889">
      <class name="test.LoginTest">
        <test-method is-config="true" signature="setup()[pri:0, instance:test.LoginTest@4afcd809]" started-at="2025-03-19T00:25:12 IST" name="setup" finished-at="2025-03-19T00:25:18 IST" duration-ms="5591" status="PASS">
          <reporter-output>
          </reporter-output>
        </test-method> <!-- setup -->
        <test-method signature="verifyLoginPageTitleAndUrl()[pri:1, instance:test.LoginTest@4afcd809]" started-at="2025-03-19T00:25:18 IST" name="verifyLoginPageTitleAndUrl" finished-at="2025-03-19T00:25:18 IST" duration-ms="29" status="FAIL">
          <exception class="java.lang.NullPointerException">
            <message>
              <![CDATA[Cannot invoke "com.aventstack.extentreports.ExtentTest.log(com.aventstack.extentreports.Status, String)" because "this.extentTest" is null]]>
            </message>
            <full-stacktrace>
              <![CDATA[java.lang.NullPointerException: Cannot invoke "com.aventstack.extentreports.ExtentTest.log(com.aventstack.extentreports.Status, String)" because "this.extentTest" is null
at test.LoginTest.verifyLoginPageTitleAndUrl(LoginTest.java:45)
at java.base/jdk.internal.reflect.DirectMethodHandleAccessor.invoke(DirectMethodHandleAccessor.java:103)
at java.base/java.lang.reflect.Method.invoke(Method.java:580)
at org.testng.internal.invokers.MethodInvocationHelper.invokeMethod(MethodInvocationHelper.java:141)
at org.testng.internal.invokers.TestInvoker.invokeMethod(TestInvoker.java:686)
at org.testng.internal.invokers.TestInvoker.invokeTestMethod(TestInvoker.java:230)
at org.testng.internal.invokers.MethodRunner.runInSequence(MethodRunner.java:63)
at org.testng.internal.invokers.TestInvoker$MethodInvocationAgent.invoke(TestInvoker.java:992)
at org.testng.internal.invokers.TestInvoker.invokeTestMethods(TestInvoker.java:203)
at org.testng.internal.invokers.TestMethodWorker.invokeTestMethods(TestMethodWorker.java:154)
at org.testng.internal.invokers.TestMethodWorker.run(TestMethodWorker.java:134)
at java.base/java.util.ArrayList.forEach(ArrayList.java:1596)
at org.testng.TestRunner.privateRun(TestRunner.java:739)
at org.testng.TestRunner.run(TestRunner.java:614)
at org.testng.SuiteRunner.runTest(SuiteRunner.java:421)
at org.testng.SuiteRunner.runSequentially(SuiteRunner.java:413)
at org.testng.SuiteRunner.privateRun(SuiteRunner.java:373)
at org.testng.SuiteRunner.run(SuiteRunner.java:312)
at org.testng.SuiteRunnerWorker.runSuite(SuiteRunnerWorker.java:52)
at org.testng.SuiteRunnerWorker.run(SuiteRunnerWorker.java:95)
at org.testng.TestNG.runSuitesSequentially(TestNG.java:1274)
at org.testng.TestNG.runSuitesLocally(TestNG.java:1208)
at org.testng.TestNG.runSuites(TestNG.java:1112)
at org.testng.TestNG.run(TestNG.java:1079)
at org.testng.remote.AbstractRemoteTestNG.run(AbstractRemoteTestNG.java:115)
at org.testng.remote.RemoteTestNG.initAndRun(RemoteTestNG.java:293)
at org.testng.remote.RemoteTestNG.main(RemoteTestNG.java:91)
]]>
            </full-stacktrace>
          </exception> <!-- java.lang.NullPointerException -->
          <reporter-output>
          </reporter-output>
        </test-method> <!-- verifyLoginPageTitleAndUrl -->
        <test-method is-config="true" signature="tearDown()[pri:0, instance:test.LoginTest@4afcd809]" started-at="2025-03-19T00:25:18 IST" name="tearDown" finished-at="2025-03-19T00:25:18 IST" duration-ms="176" status="PASS">
          <reporter-output>
          </reporter-output>
        </test-method> <!-- tearDown -->
        <test-method is-config="true" signature="setup()[pri:0, instance:test.LoginTest@4afcd809]" started-at="2025-03-19T00:25:18 IST" name="setup" finished-at="2025-03-19T00:25:23 IST" duration-ms="5056" status="PASS">
          <reporter-output>
          </reporter-output>
        </test-method> <!-- setup -->
        <test-method signature="verifyFieldAndCheckboxLabels()[pri:2, instance:test.LoginTest@4afcd809]" started-at="2025-03-19T00:25:23 IST" name="verifyFieldAndCheckboxLabels" finished-at="2025-03-19T00:25:24 IST" duration-ms="178" status="PASS">
          <reporter-output>
          </reporter-output>
        </test-method> <!-- verifyFieldAndCheckboxLabels -->
        <test-method is-config="true" signature="tearDown()[pri:0, instance:test.LoginTest@4afcd809]" started-at="2025-03-19T00:25:24 IST" name="tearDown" finished-at="2025-03-19T00:25:24 IST" duration-ms="137" status="PASS">
          <reporter-output>
          </reporter-output>
        </test-method> <!-- tearDown -->
        <test-method is-config="true" signature="setup()[pri:0, instance:test.LoginTest@4afcd809]" started-at="2025-03-19T00:25:24 IST" name="setup" finished-at="2025-03-19T00:25:29 IST" duration-ms="4999" status="PASS">
          <reporter-output>
          </reporter-output>
        </test-method> <!-- setup -->
        <test-method signature="verifyLoginUsingValidCredentials()[pri:3, instance:test.LoginTest@4afcd809]" started-at="2025-03-19T00:25:29 IST" name="verifyLoginUsingValidCredentials" finished-at="2025-03-19T00:25:30 IST" duration-ms="1080" status="PASS">
          <reporter-output>
          </reporter-output>
        </test-method> <!-- verifyLoginUsingValidCredentials -->
        <test-method is-config="true" signature="tearDown()[pri:0, instance:test.LoginTest@4afcd809]" started-at="2025-03-19T00:25:30 IST" name="tearDown" finished-at="2025-03-19T00:25:30 IST" duration-ms="129" status="PASS">
          <reporter-output>
          </reporter-output>
        </test-method> <!-- tearDown -->
        <test-method is-config="true" signature="setup()[pri:0, instance:test.LoginTest@4afcd809]" started-at="2025-03-19T00:25:30 IST" name="setup" finished-at="2025-03-19T00:25:35 IST" duration-ms="5044" status="PASS">
          <reporter-output>
          </reporter-output>
        </test-method> <!-- setup -->
        <test-method signature="verifyLoginUsingInvalidCredentials()[pri:4, instance:test.LoginTest@4afcd809]" started-at="2025-03-19T00:25:35 IST" name="verifyLoginUsingInvalidCredentials" finished-at="2025-03-19T00:25:36 IST" duration-ms="1299" status="PASS">
          <reporter-output>
          </reporter-output>
        </test-method> <!-- verifyLoginUsingInvalidCredentials -->
        <test-method is-config="true" signature="tearDown()[pri:0, instance:test.LoginTest@4afcd809]" started-at="2025-03-19T00:25:36 IST" name="tearDown" finished-at="2025-03-19T00:25:36 IST" duration-ms="154" status="PASS">
          <reporter-output>
          </reporter-output>
        </test-method> <!-- tearDown -->
        <test-method is-config="true" signature="setup()[pri:0, instance:test.LoginTest@4afcd809]" started-at="2025-03-19T00:25:36 IST" name="setup" finished-at="2025-03-19T00:25:41 IST" duration-ms="5087" status="PASS">
          <reporter-output>
          </reporter-output>
        </test-method> <!-- setup -->
        <test-method signature="verifyLoginWithInvalidEmailAndValidPassword()[pri:5, instance:test.LoginTest@4afcd809]" started-at="2025-03-19T00:25:41 IST" name="verifyLoginWithInvalidEmailAndValidPassword" finished-at="2025-03-19T00:25:52 IST" duration-ms="10937" status="PASS">
          <reporter-output>
          </reporter-output>
        </test-method> <!-- verifyLoginWithInvalidEmailAndValidPassword -->
        <test-method is-config="true" signature="tearDown()[pri:0, instance:test.LoginTest@4afcd809]" started-at="2025-03-19T00:25:52 IST" name="tearDown" finished-at="2025-03-19T00:25:53 IST" duration-ms="191" status="PASS">
          <reporter-output>
          </reporter-output>
        </test-method> <!-- tearDown -->
        <test-method is-config="true" signature="setup()[pri:0, instance:test.LoginTest@4afcd809]" started-at="2025-03-19T00:25:53 IST" name="setup" finished-at="2025-03-19T00:25:58 IST" duration-ms="5113" status="PASS">
          <reporter-output>
          </reporter-output>
        </test-method> <!-- setup -->
        <test-method signature="verifyLoginWithValidEmailAndInvalidPassword()[pri:6, instance:test.LoginTest@4afcd809]" started-at="2025-03-19T00:25:58 IST" name="verifyLoginWithValidEmailAndInvalidPassword" finished-at="2025-03-19T00:26:09 IST" duration-ms="11362" status="PASS">
          <reporter-output>
          </reporter-output>
        </test-method> <!-- verifyLoginWithValidEmailAndInvalidPassword -->
        <test-method is-config="true" signature="tearDown()[pri:0, instance:test.LoginTest@4afcd809]" started-at="2025-03-19T00:26:09 IST" name="tearDown" finished-at="2025-03-19T00:26:09 IST" duration-ms="189" status="PASS">
          <reporter-output>
          </reporter-output>
        </test-method> <!-- tearDown -->
        <test-method is-config="true" signature="setup()[pri:0, instance:test.LoginTest@4afcd809]" started-at="2025-03-19T00:26:09 IST" name="setup" finished-at="2025-03-19T00:26:14 IST" duration-ms="5126" status="PASS">
          <reporter-output>
          </reporter-output>
        </test-method> <!-- setup -->
        <test-method signature="verifyLoginWithBlankCredentials()[pri:7, instance:test.LoginTest@4afcd809]" started-at="2025-03-19T00:26:14 IST" name="verifyLoginWithBlankCredentials" finished-at="2025-03-19T00:26:15 IST" duration-ms="433" status="PASS">
          <reporter-output>
          </reporter-output>
        </test-method> <!-- verifyLoginWithBlankCredentials -->
        <test-method is-config="true" signature="tearDown()[pri:0, instance:test.LoginTest@4afcd809]" started-at="2025-03-19T00:26:15 IST" name="tearDown" finished-at="2025-03-19T00:26:15 IST" duration-ms="141" status="PASS">
          <reporter-output>
          </reporter-output>
        </test-method> <!-- tearDown -->
        <test-method is-config="true" signature="setup()[pri:0, instance:test.LoginTest@4afcd809]" started-at="2025-03-19T00:26:15 IST" name="setup" finished-at="2025-03-19T00:26:20 IST" duration-ms="5022" status="PASS">
          <reporter-output>
          </reporter-output>
        </test-method> <!-- setup -->
        <test-method signature="verifyLoginWithEmailOnly()[pri:8, instance:test.LoginTest@4afcd809]" started-at="2025-03-19T00:26:20 IST" name="verifyLoginWithEmailOnly" finished-at="2025-03-19T00:26:20 IST" duration-ms="397" status="PASS">
          <reporter-output>
          </reporter-output>
        </test-method> <!-- verifyLoginWithEmailOnly -->
        <test-method is-config="true" signature="tearDown()[pri:0, instance:test.LoginTest@4afcd809]" started-at="2025-03-19T00:26:20 IST" name="tearDown" finished-at="2025-03-19T00:26:21 IST" duration-ms="143" status="PASS">
          <reporter-output>
          </reporter-output>
        </test-method> <!-- tearDown -->
        <test-method is-config="true" signature="setup()[pri:0, instance:test.LoginTest@4afcd809]" started-at="2025-03-19T00:26:21 IST" name="setup" finished-at="2025-03-19T00:26:26 IST" duration-ms="5118" status="PASS">
          <reporter-output>
          </reporter-output>
        </test-method> <!-- setup -->
        <test-method signature="verifyLoginWithPasswordOnly()[pri:9, instance:test.LoginTest@4afcd809]" started-at="2025-03-19T00:26:26 IST" name="verifyLoginWithPasswordOnly" finished-at="2025-03-19T00:26:26 IST" duration-ms="351" status="PASS">
          <reporter-output>
          </reporter-output>
        </test-method> <!-- verifyLoginWithPasswordOnly -->
        <test-method is-config="true" signature="tearDown()[pri:0, instance:test.LoginTest@4afcd809]" started-at="2025-03-19T00:26:26 IST" name="tearDown" finished-at="2025-03-19T00:26:26 IST" duration-ms="144" status="PASS">
          <reporter-output>
          </reporter-output>
        </test-method> <!-- tearDown -->
        <test-method is-config="true" signature="setup()[pri:0, instance:test.LoginTest@4afcd809]" started-at="2025-03-19T00:26:26 IST" name="setup" finished-at="2025-03-19T00:26:31 IST" duration-ms="5029" status="PASS">
          <reporter-output>
          </reporter-output>
        </test-method> <!-- setup -->
        <test-method signature="verifyLoginWithShortPassword()[pri:10, instance:test.LoginTest@4afcd809]" started-at="2025-03-19T00:26:31 IST" name="verifyLoginWithShortPassword" finished-at="2025-03-19T00:26:32 IST" duration-ms="461" status="PASS">
          <reporter-output>
          </reporter-output>
        </test-method> <!-- verifyLoginWithShortPassword -->
        <test-method is-config="true" signature="tearDown()[pri:0, instance:test.LoginTest@4afcd809]" started-at="2025-03-19T00:26:32 IST" name="tearDown" finished-at="2025-03-19T00:26:32 IST" duration-ms="146" status="PASS">
          <reporter-output>
          </reporter-output>
        </test-method> <!-- tearDown -->
        <test-method is-config="true" signature="setup()[pri:0, instance:test.LoginTest@4afcd809]" started-at="2025-03-19T00:26:32 IST" name="setup" finished-at="2025-03-19T00:26:37 IST" duration-ms="5056" status="PASS">
          <reporter-output>
          </reporter-output>
        </test-method> <!-- setup -->
        <test-method signature="verifyLoginWithUppercaseInsensitiveEmail()[pri:11, instance:test.LoginTest@4afcd809]" started-at="2025-03-19T00:26:37 IST" name="verifyLoginWithUppercaseInsensitiveEmail" finished-at="2025-03-19T00:26:38 IST" duration-ms="860" status="PASS">
          <reporter-output>
          </reporter-output>
        </test-method> <!-- verifyLoginWithUppercaseInsensitiveEmail -->
        <test-method is-config="true" signature="tearDown()[pri:0, instance:test.LoginTest@4afcd809]" started-at="2025-03-19T00:26:38 IST" name="tearDown" finished-at="2025-03-19T00:26:38 IST" duration-ms="136" status="PASS">
          <reporter-output>
          </reporter-output>
        </test-method> <!-- tearDown -->
        <test-method is-config="true" signature="setup()[pri:0, instance:test.LoginTest@4afcd809]" started-at="2025-03-19T00:26:38 IST" name="setup" finished-at="2025-03-19T00:26:43 IST" duration-ms="5075" status="PASS">
          <reporter-output>
          </reporter-output>
        </test-method> <!-- setup -->
        <test-method signature="verifyLoginWithLowercaseInsensitiveEmail()[pri:12, instance:test.LoginTest@4afcd809]" started-at="2025-03-19T00:26:43 IST" name="verifyLoginWithLowercaseInsensitiveEmail" finished-at="2025-03-19T00:26:44 IST" duration-ms="866" status="PASS">
          <reporter-output>
          </reporter-output>
        </test-method> <!-- verifyLoginWithLowercaseInsensitiveEmail -->
        <test-method is-config="true" signature="tearDown()[pri:0, instance:test.LoginTest@4afcd809]" started-at="2025-03-19T00:26:44 IST" name="tearDown" finished-at="2025-03-19T00:26:44 IST" duration-ms="139" status="PASS">
          <reporter-output>
          </reporter-output>
        </test-method> <!-- tearDown -->
      </class> <!-- test.LoginTest -->
    </test> <!-- Test -->
  </suite> <!-- Smoke -->
</testng-results>
