<?xml version="1.0" encoding="UTF-8"?>
<testng-results ignored="0" total="25" passed="19" failed="6" skipped="0">
  <reporter-output>
  </reporter-output>
  <suite started-at="2025-03-26T01:18:56 IST" name="parellel" finished-at="2025-03-26T01:44:46 IST" duration-ms="1550588">
    <groups>
      <group name="debug">
        <method signature="UsersTest.verifyUsersModuleDetails()[pri:0, instance:test.UsersTest@289710d9]" name="verifyUsersModuleDetails" class="test.UsersTest"/>
      </group> <!-- debug -->
      <group name="Smoke">
        <method signature="UsersTest.verifyNavigationToUsersModule()[pri:1, instance:test.UsersTest@289710d9]" name="verifyNavigationToUsersModule" class="test.UsersTest"/>
      </group> <!-- Smoke -->
    </groups>
    <test started-at="2025-03-26T01:18:56 IST" name="Users Tests" finished-at="2025-03-26T01:44:46 IST" duration-ms="1550588">
      <class name="test.UsersTest">
        <test-method is-config="true" signature="setup()[pri:0, instance:test.UsersTest@289710d9]" started-at="2025-03-26T01:18:56 IST" name="setup" finished-at="2025-03-26T01:19:02 IST" duration-ms="6761" status="PASS">
          <reporter-output>
          </reporter-output>
        </test-method> <!-- setup -->
        <test-method signature="verifyAddUserFormFieldPlaceholders()[pri:0, instance:test.UsersTest@289710d9]" started-at="2025-03-26T01:19:02 IST" name="verifyAddUserFormFieldPlaceholders" finished-at="2025-03-26T01:19:04 IST" duration-ms="1581" status="PASS">
          <reporter-output>
          </reporter-output>
        </test-method> <!-- verifyAddUserFormFieldPlaceholders -->
        <test-method is-config="true" signature="tearDown()[pri:0, instance:test.UsersTest@289710d9]" started-at="2025-03-26T01:19:04 IST" name="tearDown" finished-at="2025-03-26T01:19:04 IST" duration-ms="173" status="PASS">
          <reporter-output>
          </reporter-output>
        </test-method> <!-- tearDown -->
        <test-method is-config="true" signature="setup()[pri:0, instance:test.UsersTest@289710d9]" started-at="2025-03-26T01:19:04 IST" name="setup" finished-at="2025-03-26T01:19:11 IST" duration-ms="6347" status="PASS">
          <reporter-output>
          </reporter-output>
        </test-method> <!-- setup -->
        <test-method signature="verifyAddUserWithEmptySpacesInFields()[pri:0, instance:test.UsersTest@289710d9]" started-at="2025-03-26T01:19:11 IST" name="verifyAddUserWithEmptySpacesInFields" finished-at="2025-03-26T01:19:13 IST" duration-ms="2628" status="PASS">
          <reporter-output>
          </reporter-output>
        </test-method> <!-- verifyAddUserWithEmptySpacesInFields -->
        <test-method is-config="true" signature="tearDown()[pri:0, instance:test.UsersTest@289710d9]" started-at="2025-03-26T01:19:13 IST" name="tearDown" finished-at="2025-03-26T01:19:13 IST" duration-ms="197" status="PASS">
          <reporter-output>
          </reporter-output>
        </test-method> <!-- tearDown -->
        <test-method is-config="true" signature="setup()[pri:0, instance:test.UsersTest@289710d9]" started-at="2025-03-26T01:19:13 IST" name="setup" finished-at="2025-03-26T01:19:20 IST" duration-ms="6131" status="PASS">
          <reporter-output>
          </reporter-output>
        </test-method> <!-- setup -->
        <test-method signature="verifyAddUserWithExistingEmail()[pri:0, instance:test.UsersTest@289710d9]" started-at="2025-03-26T01:19:20 IST" name="verifyAddUserWithExistingEmail" finished-at="2025-03-26T01:19:23 IST" duration-ms="3024" status="FAIL">
          <exception class="java.lang.AssertionError">
            <message>
              <![CDATA[expected [Email is already exists] but found [User name is already exists]]]>
            </message>
            <full-stacktrace>
              <![CDATA[java.lang.AssertionError: expected [Email is already exists] but found [User name is already exists]
at org.testng.Assert.fail(Assert.java:111)
at org.testng.Assert.failNotEquals(Assert.java:1578)
at org.testng.Assert.assertEqualsImpl(Assert.java:150)
at org.testng.Assert.assertEquals(Assert.java:132)
at org.testng.Assert.assertEquals(Assert.java:656)
at org.testng.Assert.assertEquals(Assert.java:666)
at test.UsersTest.verifyAddUserWithExistingEmail(UsersTest.java:218)
at java.base/jdk.internal.reflect.DirectMethodHandleAccessor.invoke(DirectMethodHandleAccessor.java:103)
at java.base/java.lang.reflect.Method.invoke(Method.java:580)
at org.testng.internal.invokers.MethodInvocationHelper.invokeMethod(MethodInvocationHelper.java:141)
at org.testng.internal.invokers.TestInvoker.invokeMethod(TestInvoker.java:686)
at org.testng.internal.invokers.TestInvoker.invokeTestMethod(TestInvoker.java:230)
at org.testng.internal.invokers.MethodRunner.runInSequence(MethodRunner.java:63)
at org.testng.internal.invokers.TestInvoker$MethodInvocationAgent.invoke(TestInvoker.java:992)
at org.testng.internal.invokers.TestInvoker.invokeTestMethods(TestInvoker.java:203)
at org.testng.internal.invokers.TestMethodWorker.invokeTestMethods(TestMethodWorker.java:154)
at org.testng.internal.invokers.TestMethodWorker.run(TestMethodWorker.java:134)
at java.base/java.util.ArrayList.forEach(ArrayList.java:1596)
at org.testng.TestRunner.privateRun(TestRunner.java:739)
at org.testng.TestRunner.run(TestRunner.java:614)
at org.testng.SuiteRunner.runTest(SuiteRunner.java:421)
at org.testng.SuiteRunner$SuiteWorker.run(SuiteRunner.java:463)
at org.testng.internal.thread.ThreadUtil.lambda$execute$0(ThreadUtil.java:64)
at java.base/java.util.concurrent.FutureTask.run(FutureTask.java:317)
at java.base/java.util.concurrent.ThreadPoolExecutor.runWorker(ThreadPoolExecutor.java:1144)
at java.base/java.util.concurrent.ThreadPoolExecutor$Worker.run(ThreadPoolExecutor.java:642)
at java.base/java.lang.Thread.run(Thread.java:1583)
]]>
            </full-stacktrace>
          </exception> <!-- java.lang.AssertionError -->
          <reporter-output>
          </reporter-output>
        </test-method> <!-- verifyAddUserWithExistingEmail -->
        <test-method is-config="true" signature="tearDown()[pri:0, instance:test.UsersTest@289710d9]" started-at="2025-03-26T01:19:23 IST" name="tearDown" finished-at="2025-03-26T01:19:23 IST" duration-ms="154" status="PASS">
          <reporter-output>
          </reporter-output>
        </test-method> <!-- tearDown -->
        <test-method is-config="true" signature="setup()[pri:0, instance:test.UsersTest@289710d9]" started-at="2025-03-26T01:19:23 IST" name="setup" finished-at="2025-03-26T01:19:29 IST" duration-ms="6041" status="PASS">
          <reporter-output>
          </reporter-output>
        </test-method> <!-- setup -->
        <test-method signature="verifyAddUserWithExistingUserName()[pri:0, instance:test.UsersTest@289710d9]" started-at="2025-03-26T01:19:29 IST" name="verifyAddUserWithExistingUserName" finished-at="2025-03-26T01:19:32 IST" duration-ms="3357" status="PASS">
          <reporter-output>
          </reporter-output>
        </test-method> <!-- verifyAddUserWithExistingUserName -->
        <test-method is-config="true" signature="tearDown()[pri:0, instance:test.UsersTest@289710d9]" started-at="2025-03-26T01:19:32 IST" name="tearDown" finished-at="2025-03-26T01:19:32 IST" duration-ms="136" status="PASS">
          <reporter-output>
          </reporter-output>
        </test-method> <!-- tearDown -->
        <test-method is-config="true" signature="setup()[pri:0, instance:test.UsersTest@289710d9]" started-at="2025-03-26T01:19:32 IST" name="setup" finished-at="2025-03-26T01:19:41 IST" duration-ms="8610" status="PASS">
          <reporter-output>
          </reporter-output>
        </test-method> <!-- setup -->
        <test-method signature="verifyAddUserWithInvalidEmailFormat()[pri:0, instance:test.UsersTest@289710d9]" started-at="2025-03-26T01:19:41 IST" name="verifyAddUserWithInvalidEmailFormat" finished-at="2025-03-26T01:19:44 IST" duration-ms="2620" status="PASS">
          <reporter-output>
          </reporter-output>
        </test-method> <!-- verifyAddUserWithInvalidEmailFormat -->
        <test-method is-config="true" signature="tearDown()[pri:0, instance:test.UsersTest@289710d9]" started-at="2025-03-26T01:19:44 IST" name="tearDown" finished-at="2025-03-26T01:19:44 IST" duration-ms="166" status="PASS">
          <reporter-output>
          </reporter-output>
        </test-method> <!-- tearDown -->
        <test-method is-config="true" signature="setup()[pri:0, instance:test.UsersTest@289710d9]" started-at="2025-03-26T01:19:44 IST" name="setup" finished-at="2025-03-26T01:19:50 IST" duration-ms="6322" status="PASS">
          <reporter-output>
          </reporter-output>
        </test-method> <!-- setup -->
        <test-method signature="verifyAddUserWithInvalidPhoneNumber()[pri:0, instance:test.UsersTest@289710d9]" started-at="2025-03-26T01:19:50 IST" name="verifyAddUserWithInvalidPhoneNumber" finished-at="2025-03-26T01:19:53 IST" duration-ms="2833" status="PASS">
          <reporter-output>
          </reporter-output>
        </test-method> <!-- verifyAddUserWithInvalidPhoneNumber -->
        <test-method is-config="true" signature="tearDown()[pri:0, instance:test.UsersTest@289710d9]" started-at="2025-03-26T01:19:53 IST" name="tearDown" finished-at="2025-03-26T01:19:53 IST" duration-ms="194" status="PASS">
          <reporter-output>
          </reporter-output>
        </test-method> <!-- tearDown -->
        <test-method is-config="true" signature="setup()[pri:0, instance:test.UsersTest@289710d9]" started-at="2025-03-26T01:19:53 IST" name="setup" finished-at="2025-03-26T01:19:59 IST" duration-ms="6043" status="PASS">
          <reporter-output>
          </reporter-output>
        </test-method> <!-- setup -->
        <test-method signature="verifyAddUserWithLongUserName()[pri:0, instance:test.UsersTest@289710d9]" started-at="2025-03-26T01:19:59 IST" name="verifyAddUserWithLongUserName" finished-at="2025-03-26T01:20:02 IST" duration-ms="2896" status="PASS">
          <reporter-output>
          </reporter-output>
        </test-method> <!-- verifyAddUserWithLongUserName -->
        <test-method is-config="true" signature="tearDown()[pri:0, instance:test.UsersTest@289710d9]" started-at="2025-03-26T01:20:02 IST" name="tearDown" finished-at="2025-03-26T01:20:02 IST" duration-ms="162" status="PASS">
          <reporter-output>
          </reporter-output>
        </test-method> <!-- tearDown -->
        <test-method is-config="true" signature="setup()[pri:0, instance:test.UsersTest@289710d9]" started-at="2025-03-26T01:20:02 IST" name="setup" finished-at="2025-03-26T01:20:08 IST" duration-ms="6059" status="PASS">
          <reporter-output>
          </reporter-output>
        </test-method> <!-- setup -->
        <test-method signature="verifyAddUserWithMismatchedPassword()[pri:0, instance:test.UsersTest@289710d9]" started-at="2025-03-26T01:20:08 IST" name="verifyAddUserWithMismatchedPassword" finished-at="2025-03-26T01:20:11 IST" duration-ms="2784" status="PASS">
          <reporter-output>
          </reporter-output>
        </test-method> <!-- verifyAddUserWithMismatchedPassword -->
        <test-method is-config="true" signature="tearDown()[pri:0, instance:test.UsersTest@289710d9]" started-at="2025-03-26T01:20:11 IST" name="tearDown" finished-at="2025-03-26T01:20:11 IST" duration-ms="174" status="PASS">
          <reporter-output>
          </reporter-output>
        </test-method> <!-- tearDown -->
        <test-method is-config="true" signature="setup()[pri:0, instance:test.UsersTest@289710d9]" started-at="2025-03-26T01:20:11 IST" name="setup" finished-at="2025-03-26T01:20:18 IST" duration-ms="6462" status="PASS">
          <reporter-output>
          </reporter-output>
        </test-method> <!-- setup -->
        <test-method signature="verifyAddUserWithValidData()[pri:0, instance:test.UsersTest@289710d9]" started-at="2025-03-26T01:20:18 IST" name="verifyAddUserWithValidData" finished-at="2025-03-26T01:20:21 IST" duration-ms="2908" status="FAIL">
          <exception class="java.lang.AssertionError">
            <message>
              <![CDATA[expected [Successfully submitted!] but found [User name is already exists]]]>
            </message>
            <full-stacktrace>
              <![CDATA[java.lang.AssertionError: expected [Successfully submitted!] but found [User name is already exists]
at org.testng.Assert.fail(Assert.java:111)
at org.testng.Assert.failNotEquals(Assert.java:1578)
at org.testng.Assert.assertEqualsImpl(Assert.java:150)
at org.testng.Assert.assertEquals(Assert.java:132)
at org.testng.Assert.assertEquals(Assert.java:656)
at org.testng.Assert.assertEquals(Assert.java:666)
at test.UsersTest.verifyAddUserWithValidData(UsersTest.java:176)
at java.base/jdk.internal.reflect.DirectMethodHandleAccessor.invoke(DirectMethodHandleAccessor.java:103)
at java.base/java.lang.reflect.Method.invoke(Method.java:580)
at org.testng.internal.invokers.MethodInvocationHelper.invokeMethod(MethodInvocationHelper.java:141)
at org.testng.internal.invokers.TestInvoker.invokeMethod(TestInvoker.java:686)
at org.testng.internal.invokers.TestInvoker.invokeTestMethod(TestInvoker.java:230)
at org.testng.internal.invokers.MethodRunner.runInSequence(MethodRunner.java:63)
at org.testng.internal.invokers.TestInvoker$MethodInvocationAgent.invoke(TestInvoker.java:992)
at org.testng.internal.invokers.TestInvoker.invokeTestMethods(TestInvoker.java:203)
at org.testng.internal.invokers.TestMethodWorker.invokeTestMethods(TestMethodWorker.java:154)
at org.testng.internal.invokers.TestMethodWorker.run(TestMethodWorker.java:134)
at java.base/java.util.ArrayList.forEach(ArrayList.java:1596)
at org.testng.TestRunner.privateRun(TestRunner.java:739)
at org.testng.TestRunner.run(TestRunner.java:614)
at org.testng.SuiteRunner.runTest(SuiteRunner.java:421)
at org.testng.SuiteRunner$SuiteWorker.run(SuiteRunner.java:463)
at org.testng.internal.thread.ThreadUtil.lambda$execute$0(ThreadUtil.java:64)
at java.base/java.util.concurrent.FutureTask.run(FutureTask.java:317)
at java.base/java.util.concurrent.ThreadPoolExecutor.runWorker(ThreadPoolExecutor.java:1144)
at java.base/java.util.concurrent.ThreadPoolExecutor$Worker.run(ThreadPoolExecutor.java:642)
at java.base/java.lang.Thread.run(Thread.java:1583)
]]>
            </full-stacktrace>
          </exception> <!-- java.lang.AssertionError -->
          <reporter-output>
          </reporter-output>
        </test-method> <!-- verifyAddUserWithValidData -->
        <test-method is-config="true" signature="tearDown()[pri:0, instance:test.UsersTest@289710d9]" started-at="2025-03-26T01:20:21 IST" name="tearDown" finished-at="2025-03-26T01:20:21 IST" duration-ms="175" status="PASS">
          <reporter-output>
          </reporter-output>
        </test-method> <!-- tearDown -->
        <test-method is-config="true" signature="setup()[pri:0, instance:test.UsersTest@289710d9]" started-at="2025-03-26T01:20:21 IST" name="setup" finished-at="2025-03-26T01:20:27 IST" duration-ms="6132" status="PASS">
          <reporter-output>
          </reporter-output>
        </test-method> <!-- setup -->
        <test-method signature="verifyCloseAddUserUsingCloseButtonWithEnterDeatils()[pri:0, instance:test.UsersTest@289710d9]" started-at="2025-03-26T01:20:27 IST" name="verifyCloseAddUserUsingCloseButtonWithEnterDeatils" finished-at="2025-03-26T01:20:40 IST" duration-ms="12540" status="PASS">
          <reporter-output>
          </reporter-output>
        </test-method> <!-- verifyCloseAddUserUsingCloseButtonWithEnterDeatils -->
        <test-method is-config="true" signature="tearDown()[pri:0, instance:test.UsersTest@289710d9]" started-at="2025-03-26T01:20:40 IST" name="tearDown" finished-at="2025-03-26T01:20:40 IST" duration-ms="161" status="PASS">
          <reporter-output>
          </reporter-output>
        </test-method> <!-- tearDown -->
        <test-method is-config="true" signature="setup()[pri:0, instance:test.UsersTest@289710d9]" started-at="2025-03-26T01:20:40 IST" name="setup" finished-at="2025-03-26T01:20:47 IST" duration-ms="6724" status="PASS">
          <reporter-output>
          </reporter-output>
        </test-method> <!-- setup -->
        <test-method signature="verifyCloseAddUserUsingCloseIconWithEnterDeatils()[pri:0, instance:test.UsersTest@289710d9]" started-at="2025-03-26T01:20:47 IST" name="verifyCloseAddUserUsingCloseIconWithEnterDeatils" finished-at="2025-03-26T01:20:59 IST" duration-ms="12606" status="PASS">
          <reporter-output>
          </reporter-output>
        </test-method> <!-- verifyCloseAddUserUsingCloseIconWithEnterDeatils -->
        <test-method is-config="true" signature="tearDown()[pri:0, instance:test.UsersTest@289710d9]" started-at="2025-03-26T01:20:59 IST" name="tearDown" finished-at="2025-03-26T01:20:59 IST" duration-ms="186" status="PASS">
          <reporter-output>
          </reporter-output>
        </test-method> <!-- tearDown -->
        <test-method is-config="true" signature="setup()[pri:0, instance:test.UsersTest@289710d9]" started-at="2025-03-26T01:20:59 IST" name="setup" finished-at="2025-03-26T01:21:06 IST" duration-ms="6690" status="PASS">
          <reporter-output>
          </reporter-output>
        </test-method> <!-- setup -->
        <test-method signature="verifyCloseAddUserWithoutEnteringDetailsUsingCloseButton()[pri:0, instance:test.UsersTest@289710d9]" started-at="2025-03-26T01:21:06 IST" name="verifyCloseAddUserWithoutEnteringDetailsUsingCloseButton" finished-at="2025-03-26T01:21:17 IST" duration-ms="10968" status="PASS">
          <reporter-output>
          </reporter-output>
        </test-method> <!-- verifyCloseAddUserWithoutEnteringDetailsUsingCloseButton -->
        <test-method is-config="true" signature="tearDown()[pri:0, instance:test.UsersTest@289710d9]" started-at="2025-03-26T01:21:17 IST" name="tearDown" finished-at="2025-03-26T01:21:17 IST" duration-ms="208" status="PASS">
          <reporter-output>
          </reporter-output>
        </test-method> <!-- tearDown -->
        <test-method is-config="true" signature="setup()[pri:0, instance:test.UsersTest@289710d9]" started-at="2025-03-26T01:21:17 IST" name="setup" finished-at="2025-03-26T01:21:23 IST" duration-ms="6000" status="PASS">
          <reporter-output>
          </reporter-output>
        </test-method> <!-- setup -->
        <test-method signature="verifyCloseAddUserWithoutEnteringDetailsUsingCloseIcon()[pri:0, instance:test.UsersTest@289710d9]" started-at="2025-03-26T01:21:23 IST" name="verifyCloseAddUserWithoutEnteringDetailsUsingCloseIcon" finished-at="2025-03-26T01:21:34 IST" duration-ms="11029" status="PASS">
          <reporter-output>
          </reporter-output>
        </test-method> <!-- verifyCloseAddUserWithoutEnteringDetailsUsingCloseIcon -->
        <test-method is-config="true" signature="tearDown()[pri:0, instance:test.UsersTest@289710d9]" started-at="2025-03-26T01:21:34 IST" name="tearDown" finished-at="2025-03-26T01:21:34 IST" duration-ms="173" status="PASS">
          <reporter-output>
          </reporter-output>
        </test-method> <!-- tearDown -->
        <test-method is-config="true" signature="setup()[pri:0, instance:test.UsersTest@289710d9]" started-at="2025-03-26T01:21:34 IST" name="setup" finished-at="2025-03-26T01:21:41 IST" duration-ms="6142" status="PASS">
          <reporter-output>
          </reporter-output>
        </test-method> <!-- setup -->
        <test-method signature="verifyDeleteUser()[pri:0, instance:test.UsersTest@289710d9]" started-at="2025-03-26T01:21:41 IST" name="verifyDeleteUser" finished-at="2025-03-26T01:29:01 IST" duration-ms="440992" status="PASS">
          <reporter-output>
          </reporter-output>
        </test-method> <!-- verifyDeleteUser -->
        <test-method is-config="true" signature="tearDown()[pri:0, instance:test.UsersTest@289710d9]" started-at="2025-03-26T01:29:02 IST" name="tearDown" finished-at="2025-03-26T01:29:02 IST" duration-ms="376" status="PASS">
          <reporter-output>
          </reporter-output>
        </test-method> <!-- tearDown -->
        <test-method is-config="true" signature="setup()[pri:0, instance:test.UsersTest@289710d9]" started-at="2025-03-26T01:29:02 IST" name="setup" finished-at="2025-03-26T01:29:10 IST" duration-ms="7694" status="PASS">
          <reporter-output>
          </reporter-output>
        </test-method> <!-- setup -->
        <test-method signature="verifyFieldLabelAndAsteriskSymbolForMandatoryFieldsInAddUserPage()[pri:0, instance:test.UsersTest@289710d9]" started-at="2025-03-26T01:29:10 IST" name="verifyFieldLabelAndAsteriskSymbolForMandatoryFieldsInAddUserPage" finished-at="2025-03-26T01:29:11 IST" duration-ms="1908" status="PASS">
          <reporter-output>
          </reporter-output>
        </test-method> <!-- verifyFieldLabelAndAsteriskSymbolForMandatoryFieldsInAddUserPage -->
        <test-method is-config="true" signature="tearDown()[pri:0, instance:test.UsersTest@289710d9]" started-at="2025-03-26T01:29:11 IST" name="tearDown" finished-at="2025-03-26T01:29:12 IST" duration-ms="412" status="PASS">
          <reporter-output>
          </reporter-output>
        </test-method> <!-- tearDown -->
        <test-method is-config="true" signature="setup()[pri:0, instance:test.UsersTest@289710d9]" started-at="2025-03-26T01:29:12 IST" name="setup" finished-at="2025-03-26T01:29:21 IST" duration-ms="9061" status="PASS">
          <reporter-output>
          </reporter-output>
        </test-method> <!-- setup -->
        <test-method signature="verifyNavigationToAddUserPage()[pri:0, instance:test.UsersTest@289710d9]" started-at="2025-03-26T01:29:21 IST" name="verifyNavigationToAddUserPage" finished-at="2025-03-26T01:29:23 IST" duration-ms="1604" status="PASS">
          <reporter-output>
          </reporter-output>
        </test-method> <!-- verifyNavigationToAddUserPage -->
        <test-method is-config="true" signature="tearDown()[pri:0, instance:test.UsersTest@289710d9]" started-at="2025-03-26T01:29:23 IST" name="tearDown" finished-at="2025-03-26T01:29:23 IST" duration-ms="382" status="PASS">
          <reporter-output>
          </reporter-output>
        </test-method> <!-- tearDown -->
        <test-method is-config="true" signature="setup()[pri:0, instance:test.UsersTest@289710d9]" started-at="2025-03-26T01:29:23 IST" name="setup" finished-at="2025-03-26T01:29:31 IST" duration-ms="8516" status="PASS">
          <reporter-output>
          </reporter-output>
        </test-method> <!-- setup -->
        <test-method signature="verifyUsersModuleDetails()[pri:0, instance:test.UsersTest@289710d9]" started-at="2025-03-26T01:29:31 IST" name="verifyUsersModuleDetails" finished-at="2025-03-26T01:29:32 IST" duration-ms="439" status="FAIL">
          <exception class="java.lang.AssertionError">
            <message>
              <![CDATA[The following asserts failed:
Users Page URL is mismatched expected [https://vguard-bt-stg.esealcom.com/null] but found [https://vguard-bt-stg.esealcom.com/admin/authorization/users],
Users Page Heading mismatchd expected [null] but found [User Management]]]>
            </message>
            <full-stacktrace>
              <![CDATA[java.lang.AssertionError: The following asserts failed:
Users Page URL is mismatched expected [https://vguard-bt-stg.esealcom.com/null] but found [https://vguard-bt-stg.esealcom.com/admin/authorization/users],
Users Page Heading mismatchd expected [null] but found [User Management]
at org.testng.asserts.SoftAssert.assertAll(SoftAssert.java:46)
at org.testng.asserts.SoftAssert.assertAll(SoftAssert.java:30)
at test.UsersTest.verifyUsersModuleDetails(UsersTest.java:69)
at java.base/jdk.internal.reflect.DirectMethodHandleAccessor.invoke(DirectMethodHandleAccessor.java:103)
at java.base/java.lang.reflect.Method.invoke(Method.java:580)
at org.testng.internal.invokers.MethodInvocationHelper.invokeMethod(MethodInvocationHelper.java:141)
at org.testng.internal.invokers.TestInvoker.invokeMethod(TestInvoker.java:686)
at org.testng.internal.invokers.TestInvoker.invokeTestMethod(TestInvoker.java:230)
at org.testng.internal.invokers.MethodRunner.runInSequence(MethodRunner.java:63)
at org.testng.internal.invokers.TestInvoker$MethodInvocationAgent.invoke(TestInvoker.java:992)
at org.testng.internal.invokers.TestInvoker.invokeTestMethods(TestInvoker.java:203)
at org.testng.internal.invokers.TestMethodWorker.invokeTestMethods(TestMethodWorker.java:154)
at org.testng.internal.invokers.TestMethodWorker.run(TestMethodWorker.java:134)
at java.base/java.util.ArrayList.forEach(ArrayList.java:1596)
at org.testng.TestRunner.privateRun(TestRunner.java:739)
at org.testng.TestRunner.run(TestRunner.java:614)
at org.testng.SuiteRunner.runTest(SuiteRunner.java:421)
at org.testng.SuiteRunner$SuiteWorker.run(SuiteRunner.java:463)
at org.testng.internal.thread.ThreadUtil.lambda$execute$0(ThreadUtil.java:64)
at java.base/java.util.concurrent.FutureTask.run(FutureTask.java:317)
at java.base/java.util.concurrent.ThreadPoolExecutor.runWorker(ThreadPoolExecutor.java:1144)
at java.base/java.util.concurrent.ThreadPoolExecutor$Worker.run(ThreadPoolExecutor.java:642)
at java.base/java.lang.Thread.run(Thread.java:1583)
]]>
            </full-stacktrace>
          </exception> <!-- java.lang.AssertionError -->
          <reporter-output>
          </reporter-output>
        </test-method> <!-- verifyUsersModuleDetails -->
        <test-method is-config="true" signature="tearDown()[pri:0, instance:test.UsersTest@289710d9]" started-at="2025-03-26T01:29:32 IST" name="tearDown" finished-at="2025-03-26T01:29:33 IST" duration-ms="274" status="PASS">
          <reporter-output>
          </reporter-output>
        </test-method> <!-- tearDown -->
        <test-method is-config="true" signature="setup()[pri:0, instance:test.UsersTest@289710d9]" started-at="2025-03-26T01:29:33 IST" name="setup" finished-at="2025-03-26T01:29:41 IST" duration-ms="8549" status="PASS">
          <reporter-output>
          </reporter-output>
        </test-method> <!-- setup -->
        <test-method signature="verifyUsersModuleFooterSection()[pri:0, instance:test.UsersTest@289710d9]" started-at="2025-03-26T01:29:41 IST" name="verifyUsersModuleFooterSection" finished-at="2025-03-26T01:29:41 IST" duration-ms="60" status="PASS">
          <reporter-output>
          </reporter-output>
        </test-method> <!-- verifyUsersModuleFooterSection -->
        <test-method is-config="true" signature="tearDown()[pri:0, instance:test.UsersTest@289710d9]" started-at="2025-03-26T01:29:41 IST" name="tearDown" finished-at="2025-03-26T01:29:42 IST" duration-ms="399" status="PASS">
          <reporter-output>
          </reporter-output>
        </test-method> <!-- tearDown -->
        <test-method is-config="true" signature="setup()[pri:0, instance:test.UsersTest@289710d9]" started-at="2025-03-26T01:29:42 IST" name="setup" finished-at="2025-03-26T01:29:50 IST" duration-ms="7987" status="PASS">
          <reporter-output>
          </reporter-output>
        </test-method> <!-- setup -->
        <test-method signature="verifyNavigationToUsersModule()[pri:1, instance:test.UsersTest@289710d9]" started-at="2025-03-26T01:29:50 IST" name="verifyNavigationToUsersModule" finished-at="2025-03-26T01:29:51 IST" duration-ms="1016" status="PASS">
          <reporter-output>
          </reporter-output>
        </test-method> <!-- verifyNavigationToUsersModule -->
        <test-method is-config="true" signature="tearDown()[pri:0, instance:test.UsersTest@289710d9]" started-at="2025-03-26T01:29:51 IST" name="tearDown" finished-at="2025-03-26T01:29:51 IST" duration-ms="269" status="PASS">
          <reporter-output>
          </reporter-output>
        </test-method> <!-- tearDown -->
        <test-method is-config="true" signature="setup()[pri:0, instance:test.UsersTest@289710d9]" started-at="2025-03-26T01:29:51 IST" name="setup" finished-at="2025-03-26T01:29:59 IST" duration-ms="7583" status="PASS">
          <reporter-output>
          </reporter-output>
        </test-method> <!-- setup -->
        <test-method signature="verifyMandatoryFieldAlertsInAddUser()[pri:4, instance:test.UsersTest@289710d9]" started-at="2025-03-26T01:29:59 IST" name="verifyMandatoryFieldAlertsInAddUser" finished-at="2025-03-26T01:30:01 IST" duration-ms="2876" status="PASS">
          <reporter-output>
          </reporter-output>
        </test-method> <!-- verifyMandatoryFieldAlertsInAddUser -->
        <test-method is-config="true" signature="tearDown()[pri:0, instance:test.UsersTest@289710d9]" started-at="2025-03-26T01:30:01 IST" name="tearDown" finished-at="2025-03-26T01:30:02 IST" duration-ms="396" status="PASS">
          <reporter-output>
          </reporter-output>
        </test-method> <!-- tearDown -->
        <test-method is-config="true" signature="setup()[pri:0, instance:test.UsersTest@289710d9]" started-at="2025-03-26T01:30:02 IST" name="setup" finished-at="2025-03-26T01:30:10 IST" duration-ms="8561" status="PASS">
          <reporter-output>
          </reporter-output>
        </test-method> <!-- setup -->
        <test-method signature="verifyMandatoryFieldValidationForUpdatePassword()[pri:4, instance:test.UsersTest@289710d9]" started-at="2025-03-26T01:30:10 IST" name="verifyMandatoryFieldValidationForUpdatePassword" finished-at="2025-03-26T01:37:20 IST" duration-ms="429282" status="FAIL">
          <exception class="org.openqa.selenium.NoSuchElementException">
            <message>
              <![CDATA[no such element: Unable to locate element: {"method":"xpath","selector":"//*[text()='Save']"}
  (Session info: chrome=134.0.6998.118)
For documentation on this error, please visit: https://www.selenium.dev/documentation/webdriver/troubleshooting/errors#no-such-element-exception
Build info: version: '4.28.1', revision: '73f5ad48a2'
System info: os.name: 'Windows 11', os.arch: 'amd64', os.version: '10.0', java.version: '21.0.2'
Driver info: org.openqa.selenium.chrome.ChromeDriver
Command: [aa0fea0e82573fda7d44a8f125ceea73, findElement {using=xpath, value=//*[text()='Save']}]
Capabilities {acceptInsecureCerts: false, browserName: chrome, browserVersion: 134.0.6998.118, chrome: {chromedriverVersion: 134.0.6998.165 (fd886e2cb29..., userDataDir: C:\Users\dusan\AppData\Loca...}, fedcm:accounts: true, goog:chromeOptions: {debuggerAddress: localhost:50461}, networkConnectionEnabled: false, pageLoadStrategy: normal, platformName: windows, proxy: Proxy(), se:cdp: ws://localhost:50461/devtoo..., se:cdpVersion: 134.0.6998.118, setWindowRect: true, strictFileInteractability: false, timeouts: {implicit: 0, pageLoad: 300000, script: 30000}, unhandledPromptBehavior: dismiss and notify, webauthn:extension:credBlob: true, webauthn:extension:largeBlob: true, webauthn:extension:minPinLength: true, webauthn:extension:prf: true, webauthn:virtualAuthenticators: true}
Session ID: aa0fea0e82573fda7d44a8f125ceea73]]>
            </message>
            <full-stacktrace>
              <![CDATA[org.openqa.selenium.NoSuchElementException: no such element: Unable to locate element: {"method":"xpath","selector":"//*[text()='Save']"}
  (Session info: chrome=134.0.6998.118)
For documentation on this error, please visit: https://www.selenium.dev/documentation/webdriver/troubleshooting/errors#no-such-element-exception
Build info: version: '4.28.1', revision: '73f5ad48a2'
System info: os.name: 'Windows 11', os.arch: 'amd64', os.version: '10.0', java.version: '21.0.2'
Driver info: org.openqa.selenium.chrome.ChromeDriver
Command: [aa0fea0e82573fda7d44a8f125ceea73, findElement {using=xpath, value=//*[text()='Save']}]
Capabilities {acceptInsecureCerts: false, browserName: chrome, browserVersion: 134.0.6998.118, chrome: {chromedriverVersion: 134.0.6998.165 (fd886e2cb29..., userDataDir: C:\Users\dusan\AppData\Loca...}, fedcm:accounts: true, goog:chromeOptions: {debuggerAddress: localhost:50461}, networkConnectionEnabled: false, pageLoadStrategy: normal, platformName: windows, proxy: Proxy(), se:cdp: ws://localhost:50461/devtoo..., se:cdpVersion: 134.0.6998.118, setWindowRect: true, strictFileInteractability: false, timeouts: {implicit: 0, pageLoad: 300000, script: 30000}, unhandledPromptBehavior: dismiss and notify, webauthn:extension:credBlob: true, webauthn:extension:largeBlob: true, webauthn:extension:minPinLength: true, webauthn:extension:prf: true, webauthn:virtualAuthenticators: true}
Session ID: aa0fea0e82573fda7d44a8f125ceea73
at java.base/jdk.internal.reflect.DirectConstructorHandleAccessor.newInstance(DirectConstructorHandleAccessor.java:62)
at java.base/java.lang.reflect.Constructor.newInstanceWithCaller(Constructor.java:502)
at java.base/java.lang.reflect.Constructor.newInstance(Constructor.java:486)
at org.openqa.selenium.remote.ErrorCodec.decode(ErrorCodec.java:167)
at org.openqa.selenium.remote.codec.w3c.W3CHttpResponseCodec.decode(W3CHttpResponseCodec.java:138)
at org.openqa.selenium.remote.codec.w3c.W3CHttpResponseCodec.decode(W3CHttpResponseCodec.java:50)
at org.openqa.selenium.remote.HttpCommandExecutor.execute(HttpCommandExecutor.java:215)
at org.openqa.selenium.remote.service.DriverCommandExecutor.invokeExecute(DriverCommandExecutor.java:216)
at org.openqa.selenium.remote.service.DriverCommandExecutor.execute(DriverCommandExecutor.java:174)
at org.openqa.selenium.remote.RemoteWebDriver.execute(RemoteWebDriver.java:545)
at org.openqa.selenium.remote.ElementLocation$ElementFinder$2.findElement(ElementLocation.java:165)
at org.openqa.selenium.remote.ElementLocation.findElement(ElementLocation.java:59)
at org.openqa.selenium.remote.RemoteWebDriver.findElement(RemoteWebDriver.java:368)
at org.openqa.selenium.remote.RemoteWebDriver.findElement(RemoteWebDriver.java:362)
at org.openqa.selenium.support.pagefactory.DefaultElementLocator.findElement(DefaultElementLocator.java:68)
at org.openqa.selenium.support.pagefactory.internal.LocatingElementHandler.invoke(LocatingElementHandler.java:38)
at jdk.proxy2/jdk.proxy2.$Proxy28.isDisplayed(Unknown Source)
at utils.ElementUtilities.isElementDisplayedOnPage(ElementUtilities.java:169)
at utils.ElementUtilities.clickOnElement(ElementUtilities.java:128)
at pages.UsersPage.clickOnSaveButton(UsersPage.java:276)
at test.UsersTest.verifyMandatoryFieldValidationForUpdatePassword(UsersTest.java:408)
at java.base/jdk.internal.reflect.DirectMethodHandleAccessor.invoke(DirectMethodHandleAccessor.java:103)
at java.base/java.lang.reflect.Method.invoke(Method.java:580)
at org.testng.internal.invokers.MethodInvocationHelper.invokeMethod(MethodInvocationHelper.java:141)
at org.testng.internal.invokers.TestInvoker.invokeMethod(TestInvoker.java:686)
at org.testng.internal.invokers.TestInvoker.invokeTestMethod(TestInvoker.java:230)
at org.testng.internal.invokers.MethodRunner.runInSequence(MethodRunner.java:63)
at org.testng.internal.invokers.TestInvoker$MethodInvocationAgent.invoke(TestInvoker.java:992)
at org.testng.internal.invokers.TestInvoker.invokeTestMethods(TestInvoker.java:203)
at org.testng.internal.invokers.TestMethodWorker.invokeTestMethods(TestMethodWorker.java:154)
at org.testng.internal.invokers.TestMethodWorker.run(TestMethodWorker.java:134)
at java.base/java.util.ArrayList.forEach(ArrayList.java:1596)
at org.testng.TestRunner.privateRun(TestRunner.java:739)
at org.testng.TestRunner.run(TestRunner.java:614)
at org.testng.SuiteRunner.runTest(SuiteRunner.java:421)
at org.testng.SuiteRunner$SuiteWorker.run(SuiteRunner.java:463)
at org.testng.internal.thread.ThreadUtil.lambda$execute$0(ThreadUtil.java:64)
at java.base/java.util.concurrent.FutureTask.run(FutureTask.java:317)
at java.base/java.util.concurrent.ThreadPoolExecutor.runWorker(ThreadPoolExecutor.java:1144)
at java.base/java.util.concurrent.ThreadPoolExecutor$Worker.run(ThreadPoolExecutor.java:642)
at java.base/java.lang.Thread.run(Thread.java:1583)
]]>
            </full-stacktrace>
          </exception> <!-- org.openqa.selenium.NoSuchElementException -->
          <reporter-output>
          </reporter-output>
        </test-method> <!-- verifyMandatoryFieldValidationForUpdatePassword -->
        <test-method is-config="true" signature="tearDown()[pri:0, instance:test.UsersTest@289710d9]" started-at="2025-03-26T01:37:20 IST" name="tearDown" finished-at="2025-03-26T01:37:20 IST" duration-ms="243" status="PASS">
          <reporter-output>
          </reporter-output>
        </test-method> <!-- tearDown -->
        <test-method is-config="true" signature="setup()[pri:0, instance:test.UsersTest@289710d9]" started-at="2025-03-26T01:37:20 IST" name="setup" finished-at="2025-03-26T01:37:27 IST" duration-ms="7025" status="PASS">
          <reporter-output>
          </reporter-output>
        </test-method> <!-- setup -->
        <test-method signature="verifyAddUserUsingLeadingAndTrailingSpaces()[pri:5, instance:test.UsersTest@289710d9]" started-at="2025-03-26T01:37:27 IST" name="verifyAddUserUsingLeadingAndTrailingSpaces" finished-at="2025-03-26T01:37:30 IST" duration-ms="3072" status="FAIL">
          <exception class="java.lang.AssertionError">
            <message>
              <![CDATA[The following asserts failed:
expected [atbs] but found [  atbs  ]]]>
            </message>
            <full-stacktrace>
              <![CDATA[java.lang.AssertionError: The following asserts failed:
expected [atbs] but found [  atbs  ]
at org.testng.asserts.SoftAssert.assertAll(SoftAssert.java:46)
at org.testng.asserts.SoftAssert.assertAll(SoftAssert.java:30)
at test.UsersTest.verifyAddUserUsingLeadingAndTrailingSpaces(UsersTest.java:440)
at java.base/jdk.internal.reflect.DirectMethodHandleAccessor.invoke(DirectMethodHandleAccessor.java:103)
at java.base/java.lang.reflect.Method.invoke(Method.java:580)
at org.testng.internal.invokers.MethodInvocationHelper.invokeMethod(MethodInvocationHelper.java:141)
at org.testng.internal.invokers.TestInvoker.invokeMethod(TestInvoker.java:686)
at org.testng.internal.invokers.TestInvoker.invokeTestMethod(TestInvoker.java:230)
at org.testng.internal.invokers.MethodRunner.runInSequence(MethodRunner.java:63)
at org.testng.internal.invokers.TestInvoker$MethodInvocationAgent.invoke(TestInvoker.java:992)
at org.testng.internal.invokers.TestInvoker.invokeTestMethods(TestInvoker.java:203)
at org.testng.internal.invokers.TestMethodWorker.invokeTestMethods(TestMethodWorker.java:154)
at org.testng.internal.invokers.TestMethodWorker.run(TestMethodWorker.java:134)
at java.base/java.util.ArrayList.forEach(ArrayList.java:1596)
at org.testng.TestRunner.privateRun(TestRunner.java:739)
at org.testng.TestRunner.run(TestRunner.java:614)
at org.testng.SuiteRunner.runTest(SuiteRunner.java:421)
at org.testng.SuiteRunner$SuiteWorker.run(SuiteRunner.java:463)
at org.testng.internal.thread.ThreadUtil.lambda$execute$0(ThreadUtil.java:64)
at java.base/java.util.concurrent.FutureTask.run(FutureTask.java:317)
at java.base/java.util.concurrent.ThreadPoolExecutor.runWorker(ThreadPoolExecutor.java:1144)
at java.base/java.util.concurrent.ThreadPoolExecutor$Worker.run(ThreadPoolExecutor.java:642)
at java.base/java.lang.Thread.run(Thread.java:1583)
]]>
            </full-stacktrace>
          </exception> <!-- java.lang.AssertionError -->
          <reporter-output>
          </reporter-output>
        </test-method> <!-- verifyAddUserUsingLeadingAndTrailingSpaces -->
        <test-method is-config="true" signature="tearDown()[pri:0, instance:test.UsersTest@289710d9]" started-at="2025-03-26T01:37:30 IST" name="tearDown" finished-at="2025-03-26T01:37:30 IST" duration-ms="197" status="PASS">
          <reporter-output>
          </reporter-output>
        </test-method> <!-- tearDown -->
        <test-method is-config="true" signature="setup()[pri:0, instance:test.UsersTest@289710d9]" started-at="2025-03-26T01:37:30 IST" name="setup" finished-at="2025-03-26T01:37:37 IST" duration-ms="6558" status="PASS">
          <reporter-output>
          </reporter-output>
        </test-method> <!-- setup -->
        <test-method signature="verifySearchUser()[pri:6, instance:test.UsersTest@289710d9]" started-at="2025-03-26T01:37:37 IST" name="verifySearchUser" finished-at="2025-03-26T01:37:38 IST" duration-ms="1007" status="PASS">
          <reporter-output>
          </reporter-output>
        </test-method> <!-- verifySearchUser -->
        <test-method is-config="true" signature="tearDown()[pri:0, instance:test.UsersTest@289710d9]" started-at="2025-03-26T01:37:38 IST" name="tearDown" finished-at="2025-03-26T01:37:38 IST" duration-ms="174" status="PASS">
          <reporter-output>
          </reporter-output>
        </test-method> <!-- tearDown -->
        <test-method is-config="true" signature="setup()[pri:0, instance:test.UsersTest@289710d9]" started-at="2025-03-26T01:37:38 IST" name="setup" finished-at="2025-03-26T01:37:45 IST" duration-ms="7024" status="PASS">
          <reporter-output>
          </reporter-output>
        </test-method> <!-- setup -->
        <test-method signature="verifySavedUserDetailsInEditWindow()[pri:7, instance:test.UsersTest@289710d9]" started-at="2025-03-26T01:37:45 IST" name="verifySavedUserDetailsInEditWindow" finished-at="2025-03-26T01:37:58 IST" duration-ms="12549" status="FAIL">
          <exception class="java.lang.AssertionError">
            <message>
              <![CDATA[The following asserts failed:
expected [atbs] but found [A B Traders],
expected [dasfd] but found [Plant],
expected [1234567890] but found [9948021022],
expected [abc@yomail.com] but found [Kolkota@plant.com],
expected [userss] but found [100013],
expected [Plant] but found [null],
expected [VCPL - Panthnagar] but found [null],
expected [None] but found [null],
expected [Testing role] but found [null]]]>
            </message>
            <full-stacktrace>
              <![CDATA[java.lang.AssertionError: The following asserts failed:
expected [atbs] but found [A B Traders],
expected [dasfd] but found [Plant],
expected [1234567890] but found [9948021022],
expected [abc@yomail.com] but found [Kolkota@plant.com],
expected [userss] but found [100013],
expected [Plant] but found [null],
expected [VCPL - Panthnagar] but found [null],
expected [None] but found [null],
expected [Testing role] but found [null]
at org.testng.asserts.SoftAssert.assertAll(SoftAssert.java:46)
at org.testng.asserts.SoftAssert.assertAll(SoftAssert.java:30)
at test.UsersTest.verifySavedUserDetailsInEditWindow(UsersTest.java:484)
at java.base/jdk.internal.reflect.DirectMethodHandleAccessor.invoke(DirectMethodHandleAccessor.java:103)
at java.base/java.lang.reflect.Method.invoke(Method.java:580)
at org.testng.internal.invokers.MethodInvocationHelper.invokeMethod(MethodInvocationHelper.java:141)
at org.testng.internal.invokers.TestInvoker.invokeMethod(TestInvoker.java:686)
at org.testng.internal.invokers.TestInvoker.invokeTestMethod(TestInvoker.java:230)
at org.testng.internal.invokers.MethodRunner.runInSequence(MethodRunner.java:63)
at org.testng.internal.invokers.TestInvoker$MethodInvocationAgent.invoke(TestInvoker.java:992)
at org.testng.internal.invokers.TestInvoker.invokeTestMethods(TestInvoker.java:203)
at org.testng.internal.invokers.TestMethodWorker.invokeTestMethods(TestMethodWorker.java:154)
at org.testng.internal.invokers.TestMethodWorker.run(TestMethodWorker.java:134)
at java.base/java.util.ArrayList.forEach(ArrayList.java:1596)
at org.testng.TestRunner.privateRun(TestRunner.java:739)
at org.testng.TestRunner.run(TestRunner.java:614)
at org.testng.SuiteRunner.runTest(SuiteRunner.java:421)
at org.testng.SuiteRunner$SuiteWorker.run(SuiteRunner.java:463)
at org.testng.internal.thread.ThreadUtil.lambda$execute$0(ThreadUtil.java:64)
at java.base/java.util.concurrent.FutureTask.run(FutureTask.java:317)
at java.base/java.util.concurrent.ThreadPoolExecutor.runWorker(ThreadPoolExecutor.java:1144)
at java.base/java.util.concurrent.ThreadPoolExecutor$Worker.run(ThreadPoolExecutor.java:642)
at java.base/java.lang.Thread.run(Thread.java:1583)
]]>
            </full-stacktrace>
          </exception> <!-- java.lang.AssertionError -->
          <reporter-output>
          </reporter-output>
        </test-method> <!-- verifySavedUserDetailsInEditWindow -->
        <test-method is-config="true" signature="tearDown()[pri:0, instance:test.UsersTest@289710d9]" started-at="2025-03-26T01:37:58 IST" name="tearDown" finished-at="2025-03-26T01:37:58 IST" duration-ms="192" status="PASS">
          <reporter-output>
          </reporter-output>
        </test-method> <!-- tearDown -->
        <test-method is-config="true" signature="setup()[pri:0, instance:test.UsersTest@289710d9]" started-at="2025-03-26T01:37:58 IST" name="setup" finished-at="2025-03-26T01:38:05 IST" duration-ms="6789" status="PASS">
          <reporter-output>
          </reporter-output>
        </test-method> <!-- setup -->
        <test-method signature="verifyUserInUsersModuleGridWithPagination()[pri:8, instance:test.UsersTest@289710d9]" started-at="2025-03-26T01:38:05 IST" name="verifyUserInUsersModuleGridWithPagination" finished-at="2025-03-26T01:44:46 IST" duration-ms="400941" status="PASS">
          <reporter-output>
          </reporter-output>
        </test-method> <!-- verifyUserInUsersModuleGridWithPagination -->
        <test-method is-config="true" signature="tearDown()[pri:0, instance:test.UsersTest@289710d9]" started-at="2025-03-26T01:44:46 IST" name="tearDown" finished-at="2025-03-26T01:44:46 IST" duration-ms="293" status="PASS">
          <reporter-output>
          </reporter-output>
        </test-method> <!-- tearDown -->
      </class> <!-- test.UsersTest -->
    </test> <!-- Users Tests -->
  </suite> <!-- parellel -->
</testng-results>
