<?xml version="1.0" encoding="UTF-8"?>
<!-- Generated by org.testng.reporters.JUnitXMLReporter -->
<testsuite ignored="15" hostname="DSR" failures="4" tests="4" name="SmokeTest" time="0.234" errors="0" timestamp="2025-03-17T10:23:25 IST">
  <testcase classname="test.UsersTest" name="verifyMandatoryFieldValidationInAddUser" time="0.018">
    <failure type="java.lang.NullPointerException" message="Cannot invoke &amp;quot;pages.UsersPage.clickOnAddUserButton()&amp;quot; because &amp;quot;this.usersPage&amp;quot; is null">
      <![CDATA[java.lang.NullPointerException: Cannot invoke "pages.UsersPage.clickOnAddUserButton()" because "this.usersPage" is null
at test.UsersTest.verifyMandatoryFieldValidationInAddUser(UsersTest.java:109)
at java.base/java.util.ArrayList.forEach(ArrayList.java:1596)
at java.base/java.util.concurrent.FutureTask.run(FutureTask.java:317)
at java.base/java.util.concurrent.ThreadPoolExecutor.runWorker(ThreadPoolExecutor.java:1144)
at java.base/java.util.concurrent.ThreadPoolExecutor$Worker.run(ThreadPoolExecutor.java:642)
at java.base/java.lang.Thread.run(Thread.java:1583)
... Removed 15 stack frames]]>
    </failure>
  </testcase> <!-- verifyMandatoryFieldValidationInAddUser -->
  <testcase classname="test.LoginTest" name="verifyLoginUsingInvalidCredentials" time="0.002">
    <failure type="java.lang.NullPointerException" message="Cannot invoke &amp;quot;pages.LoginPage.enterEmail(String)&amp;quot; because &amp;quot;this.loginPage&amp;quot; is null">
      <![CDATA[java.lang.NullPointerException: Cannot invoke "pages.LoginPage.enterEmail(String)" because "this.loginPage" is null
at test.LoginTest.verifyLoginUsingInvalidCredentials(LoginTest.java:77)
at java.base/java.util.ArrayList.forEach(ArrayList.java:1596)
at java.base/java.util.concurrent.FutureTask.run(FutureTask.java:317)
at java.base/java.util.concurrent.ThreadPoolExecutor.runWorker(ThreadPoolExecutor.java:1144)
at java.base/java.util.concurrent.ThreadPoolExecutor$Worker.run(ThreadPoolExecutor.java:642)
at java.base/java.lang.Thread.run(Thread.java:1583)
... Removed 15 stack frames]]>
    </failure>
  </testcase> <!-- verifyLoginUsingInvalidCredentials -->
  <testcase classname="test.LoginTest" name="verifyLoginUsingInvalidEmailAndValidPassword" time="0.001">
    <failure type="java.lang.NullPointerException" message="Cannot invoke &amp;quot;java.util.Properties.getProperty(String)&amp;quot; because &amp;quot;this.prop&amp;quot; is null">
      <![CDATA[java.lang.NullPointerException: Cannot invoke "java.util.Properties.getProperty(String)" because "this.prop" is null
at test.LoginTest.verifyLoginUsingInvalidEmailAndValidPassword(LoginTest.java:91)
at java.base/java.util.ArrayList.forEach(ArrayList.java:1596)
at java.base/java.util.concurrent.FutureTask.run(FutureTask.java:317)
at java.base/java.util.concurrent.ThreadPoolExecutor.runWorker(ThreadPoolExecutor.java:1144)
at java.base/java.util.concurrent.ThreadPoolExecutor$Worker.run(ThreadPoolExecutor.java:642)
at java.base/java.lang.Thread.run(Thread.java:1583)
... Removed 15 stack frames]]>
    </failure>
  </testcase> <!-- verifyLoginUsingInvalidEmailAndValidPassword -->
  <testcase classname="test.UsersTest" name="verifyAddUserUsingLeadingAndTrailingSpaces" time="0.001">
    <failure type="java.lang.NullPointerException" message="Cannot invoke &amp;quot;pages.UsersPage.clickOnAddUserButton()&amp;quot; because &amp;quot;this.usersPage&amp;quot; is null">
      <![CDATA[java.lang.NullPointerException: Cannot invoke "pages.UsersPage.clickOnAddUserButton()" because "this.usersPage" is null
at test.UsersTest.verifyAddUserUsingLeadingAndTrailingSpaces(UsersTest.java:132)
at java.base/java.util.ArrayList.forEach(ArrayList.java:1596)
at java.base/java.util.concurrent.FutureTask.run(FutureTask.java:317)
at java.base/java.util.concurrent.ThreadPoolExecutor.runWorker(ThreadPoolExecutor.java:1144)
at java.base/java.util.concurrent.ThreadPoolExecutor$Worker.run(ThreadPoolExecutor.java:642)
at java.base/java.lang.Thread.run(Thread.java:1583)
... Removed 15 stack frames]]>
    </failure>
  </testcase> <!-- verifyAddUserUsingLeadingAndTrailingSpaces -->
  <testcase classname="test.UsersTest" name="verifyExistingSavedDetailsInEditUserWindow" time="0.0">
    <ignored/>
  </testcase> <!-- verifyExistingSavedDetailsInEditUserWindow -->
  <testcase classname="test.LoginTest" name="verifyLoginUsingValidCredentials" time="0.0">
    <ignored/>
  </testcase> <!-- verifyLoginUsingValidCredentials -->
  <testcase classname="test.LoginTest" name="verifyLoginWithUpperCaseInsensitiveEmail" time="0.0">
    <ignored/>
  </testcase> <!-- verifyLoginWithUpperCaseInsensitiveEmail -->
  <testcase classname="test.LoginTest" name="verifyLoginWithInvalidEmailAdressAndPassword" time="0.0">
    <ignored/>
  </testcase> <!-- verifyLoginWithInvalidEmailAdressAndPassword -->
  <testcase classname="test.LogoutTest" name="verifyReLoginImmediatelyAfterLogout" time="0.0">
    <ignored/>
  </testcase> <!-- verifyReLoginImmediatelyAfterLogout -->
  <testcase classname="test.LogoutTest" name="verifyLogoutAndForwardNavigation" time="0.0">
    <ignored/>
  </testcase> <!-- verifyLogoutAndForwardNavigation -->
  <testcase classname="test.LogoutTest" name="verifyLogoutFromLogoutOptionUnderProfile" time="0.0">
    <ignored/>
  </testcase> <!-- verifyLogoutFromLogoutOptionUnderProfile -->
  <testcase classname="test.LoginTest" name="verifyLoginWithLowerCaseInsensitiveEmail" time="0.0">
    <ignored/>
  </testcase> <!-- verifyLoginWithLowerCaseInsensitiveEmail -->
  <testcase classname="test.LoginTest" name="verifyAccountLockoutAfterMultipleFailedLoginAttempts" time="0.0">
    <ignored/>
  </testcase> <!-- verifyAccountLockoutAfterMultipleFailedLoginAttempts -->
  <testcase classname="test.LoginTest" name="verifyLoginWithBlankUsernameAndPassword" time="0.0">
    <ignored/>
  </testcase> <!-- verifyLoginWithBlankUsernameAndPassword -->
  <testcase classname="test.LoginTest" name="verifyLoginWithEmailAndLessThan6digitPassword" time="0.0">
    <ignored/>
  </testcase> <!-- verifyLoginWithEmailAndLessThan6digitPassword -->
  <testcase classname="test.UsersTest" name="verifyAddUserWithAlreadyExistingUserName" time="0.0">
    <ignored/>
  </testcase> <!-- verifyAddUserWithAlreadyExistingUserName -->
  <testcase classname="test.LogoutTest" name="verifyAutoLogoutAfterSessionTimeout" time="0.0">
    <ignored/>
  </testcase> <!-- verifyAutoLogoutAfterSessionTimeout -->
  <testcase classname="test.LoginTest" name="verifyLoginWithAccountDeactivated" time="0.0">
    <ignored/>
  </testcase> <!-- verifyLoginWithAccountDeactivated -->
  <testcase classname="test.LogoutTest" name="verifyLogoutAndBackNavigation" time="0.0">
    <ignored/>
  </testcase> <!-- verifyLogoutAndBackNavigation -->
</testsuite> <!-- SmokeTest -->
