<?xml version="1.0" encoding="UTF-8"?>
<!-- Generated by org.testng.reporters.JUnitXMLReporter -->
<testsuite ignored="24" hostname="DSR" failures="2" tests="11" name="Test" time="124.159" errors="0" timestamp="2025-03-22T10:58:10 IST">
  <testcase classname="test.LoginTest" name="verifyLoginPageTitleAndUrl" time="0.07"/>
  <testcase classname="test.LoginTest" name="verifyFieldAndCheckboxLabels" time="0.366"/>
  <testcase classname="test.LoginTest" name="verifyLoginUsingValidCredentials" time="2.196"/>
  <testcase classname="test.LoginTest" name="verifyLoginWithUppercaseInsensitiveEmail" time="1.523"/>
  <testcase classname="test.LoginTest" name="verifyLoginWithLowercaseInsensitiveEmail" time="1.749"/>
  <testcase classname="test.LogoutTest" name="verifyLogoutFromLogoutOptionUnderProfile" time="1.252"/>
  <testcase classname="test.LogoutTest" name="verifyReLoginImmediatelyAfterLogout" time="4.028"/>
  <testcase classname="test.TransactionsTest" name="verifyNavigationToUsersModule" time="0.981"/>
  <testcase classname="test.TransactionsTest" name="verifyAddTransactionWithValidData" time="5.333">
    <failure type="java.lang.AssertionError" message="expected [Successfully submitted!] but found [Feature Code already exists]">
      <![CDATA[java.lang.AssertionError: expected [Successfully submitted!] but found [Feature Code already exists]
at test.TransactionsTest.verifyAddTransactionWithValidData(TransactionsTest.java:69)
at java.base/java.util.ArrayList.forEach(ArrayList.java:1596)
... Removed 31 stack frames]]>
    </failure>
  </testcase> <!-- verifyAddTransactionWithValidData -->
  <testcase classname="test.UsersTest" name="verifyNavigationToUsersModule" time="1.21"/>
  <testcase classname="test.UsersTest" name="verifyAddUserWithValidDetails" time="6.783">
    <failure type="java.lang.AssertionError" message="expected [Successfully submitted!] but found [User name is already exists]">
      <![CDATA[java.lang.AssertionError: expected [Successfully submitted!] but found [User name is already exists]
at test.UsersTest.verifyAddUserWithValidDetails(UsersTest.java:82)
at java.base/java.util.ArrayList.forEach(ArrayList.java:1596)
... Removed 31 stack frames]]>
    </failure>
  </testcase> <!-- verifyAddUserWithValidDetails -->
  <testcase classname="test.LoginTest" name="verifyLoginWithEmailOnly" time="0.0">
    <ignored/>
  </testcase> <!-- verifyLoginWithEmailOnly -->
  <testcase classname="test.LoginTest" name="verifyLoginWithPasswordOnly" time="0.0">
    <ignored/>
  </testcase> <!-- verifyLoginWithPasswordOnly -->
  <testcase classname="test.UsersTest" name="verifyMandatoryFieldValidationForUpdatePassword" time="0.0">
    <ignored/>
  </testcase> <!-- verifyMandatoryFieldValidationForUpdatePassword -->
  <testcase classname="test.LoginTest" name="verifyLoginWithBlankCredentials" time="0.0">
    <ignored/>
  </testcase> <!-- verifyLoginWithBlankCredentials -->
  <testcase classname="test.LogoutTest" name="verifyLogoutAndBackNavigation" time="0.0">
    <ignored/>
  </testcase> <!-- verifyLogoutAndBackNavigation -->
  <testcase classname="test.UsersTest" name="verifySavedUserDetailsInEditWindow" time="0.0">
    <ignored/>
  </testcase> <!-- verifySavedUserDetailsInEditWindow -->
  <testcase classname="test.LoginTest" name="verifyLoginWithShortPassword" time="0.0">
    <ignored/>
  </testcase> <!-- verifyLoginWithShortPassword -->
  <testcase classname="test.UsersTest" name="verifyUserInUsersModuleGridWithPagination" time="0.0">
    <ignored/>
  </testcase> <!-- verifyUserInUsersModuleGridWithPagination -->
  <testcase classname="test.LoginTest" name="verifyLoginWithValidEmailAndInvalidPassword" time="0.0">
    <ignored/>
  </testcase> <!-- verifyLoginWithValidEmailAndInvalidPassword -->
  <testcase classname="test.TransactionsTest" name="verifySavedTransactionDetailsInEditWindow" time="0.0">
    <ignored/>
  </testcase> <!-- verifySavedTransactionDetailsInEditWindow -->
  <testcase classname="test.TransactionsTest" name="verifyDeleteUser" time="0.0">
    <ignored/>
  </testcase> <!-- verifyDeleteUser -->
  <testcase classname="test.LogoutTest" name="verifyAutoLogoutAfterSessionTimeout" time="0.0">
    <ignored/>
  </testcase> <!-- verifyAutoLogoutAfterSessionTimeout -->
  <testcase classname="test.UsersTest" name="verifyMandatoryFieldValidationForAddUser" time="0.0">
    <ignored/>
  </testcase> <!-- verifyMandatoryFieldValidationForAddUser -->
  <testcase classname="test.TransactionsTest" name="verifyUserInUsersModuleGridWithPagination" time="0.0">
    <ignored/>
  </testcase> <!-- verifyUserInUsersModuleGridWithPagination -->
  <testcase classname="test.TransactionsTest" name="verifyAddUserWithDuplicateFeatureCode" time="0.0">
    <ignored/>
  </testcase> <!-- verifyAddUserWithDuplicateFeatureCode -->
  <testcase classname="test.UsersTest" name="verifyDeleteUser" time="0.0">
    <ignored/>
  </testcase> <!-- verifyDeleteUser -->
  <testcase classname="test.LogoutTest" name="verifyLogoutAndForwardNavigation" time="0.0">
    <ignored/>
  </testcase> <!-- verifyLogoutAndForwardNavigation -->
  <testcase classname="test.TransactionsTest" name="verifyAddUserWithDuplicateTransactionName" time="0.0">
    <ignored/>
  </testcase> <!-- verifyAddUserWithDuplicateTransactionName -->
  <testcase classname="test.UsersTest" name="verifySearchUser" time="0.0">
    <ignored/>
  </testcase> <!-- verifySearchUser -->
  <testcase classname="test.LoginTest" name="verifyLoginWithInvalidEmailAndValidPassword" time="0.0">
    <ignored/>
  </testcase> <!-- verifyLoginWithInvalidEmailAndValidPassword -->
  <testcase classname="test.UsersTest" name="verifyAddUserUsingLeadingAndTrailingSpaces" time="0.0">
    <ignored/>
  </testcase> <!-- verifyAddUserUsingLeadingAndTrailingSpaces -->
  <testcase classname="test.LoginTest" name="verifyLoginUsingInvalidCredentials" time="0.0">
    <ignored/>
  </testcase> <!-- verifyLoginUsingInvalidCredentials -->
  <testcase classname="test.TransactionsTest" name="verifyMandatoryFieldValidationForAddUser" time="0.0">
    <ignored/>
  </testcase> <!-- verifyMandatoryFieldValidationForAddUser -->
  <testcase classname="test.TransactionsTest" name="verifyAddUserUsingLeadingAndTrailingSpaces" time="0.0">
    <ignored/>
  </testcase> <!-- verifyAddUserUsingLeadingAndTrailingSpaces -->
</testsuite> <!-- Test -->
